Traceback (most recent call last):
  File "/Users/Yannick/opt/anaconda3/envs/ex/lib/python3.8/site-packages/jupyter_cache/executors/utils.py", line 58, in single_nb_execution
    executenb(
  File "/Users/Yannick/opt/anaconda3/envs/ex/lib/python3.8/site-packages/nbclient/client.py", line 1204, in execute
    return NotebookClient(nb=nb, resources=resources, km=km, **kwargs).execute()
  File "/Users/Yannick/opt/anaconda3/envs/ex/lib/python3.8/site-packages/nbclient/util.py", line 84, in wrapped
    return just_run(coro(*args, **kwargs))
  File "/Users/Yannick/opt/anaconda3/envs/ex/lib/python3.8/site-packages/nbclient/util.py", line 62, in just_run
    return loop.run_until_complete(coro)
  File "/Users/Yannick/opt/anaconda3/envs/ex/lib/python3.8/asyncio/base_events.py", line 616, in run_until_complete
    return future.result()
  File "/Users/Yannick/opt/anaconda3/envs/ex/lib/python3.8/site-packages/nbclient/client.py", line 663, in async_execute
    await self.async_execute_cell(
  File "/Users/Yannick/opt/anaconda3/envs/ex/lib/python3.8/site-packages/nbclient/client.py", line 965, in async_execute_cell
    await self._check_raise_for_error(cell, cell_index, exec_reply)
  File "/Users/Yannick/opt/anaconda3/envs/ex/lib/python3.8/site-packages/nbclient/client.py", line 862, in _check_raise_for_error
    raise CellExecutionError.from_cell_and_msg(cell, exec_reply_content)
nbclient.exceptions.CellExecutionError: An error occurred while executing the following cell:
------------------
#Achtung: anderer Pfad als im Notebook, da das Lösungsnotebook in einem anderen Verzeichnis liegt
path = "../../3_Dateien/Output/"

first_time = True

while True:
    
    if first_time == True:
        file_name = input("""Hallo! Bitte gib den Namen der Datei an, in der Du Deinen Gedanken festhalten willst.\n\nSollte die Datei noch nicht existieren, lege ich sie für Dich an.\n\nAn das Dateisuffix musst Du nicht denken.\n\n⇥""")
        
    with open(path + file_name + ".txt", "a", encoding="utf-8") as write_file:
        
        thought = input("\nWunderbar. Welchen Gedanken möchtest Du festhalten?\n\n⇥")
        
        write_file.write(thought + "\n")
        
    print("\nToller Gedanke!\n")
    
    repeat = input("Möchtest Du einen weiteren Gedanken in der gleichen Datei festhalten? Dann drücke 'Y'. Wenn nicht, drücke eine beliebige andere Taste.\n\n⇥")
    
    first_time = False
    
    if repeat != "Y":
        print("\nSuper, hab noch einen schönen Tag!")
        break
------------------

[0;31m---------------------------------------------------------------------------[0m
[0;31mStdinNotImplementedError[0m                  Traceback (most recent call last)
[0;32m/var/folders/dy/1d_wflpx5_57vhd_6cdbfk0m0000gn/T/ipykernel_40171/805338919.py[0m in [0;36m<module>[0;34m[0m
[1;32m      7[0m [0;34m[0m[0m
[1;32m      8[0m     [0;32mif[0m [0mfirst_time[0m [0;34m==[0m [0;32mTrue[0m[0;34m:[0m[0;34m[0m[0;34m[0m[0m
[0;32m----> 9[0;31m         [0mfile_name[0m [0;34m=[0m [0minput[0m[0;34m([0m[0;34m"""Hallo! Bitte gib den Namen der Datei an, in der Du Deinen Gedanken festhalten willst.\n\nSollte die Datei noch nicht existieren, lege ich sie für Dich an.\n\nAn das Dateisuffix musst Du nicht denken.\n\n⇥"""[0m[0;34m)[0m[0;34m[0m[0;34m[0m[0m
[0m[1;32m     10[0m [0;34m[0m[0m
[1;32m     11[0m     [0;32mwith[0m [0mopen[0m[0;34m([0m[0mpath[0m [0;34m+[0m [0mfile_name[0m [0;34m+[0m [0;34m".txt"[0m[0;34m,[0m [0;34m"a"[0m[0;34m,[0m [0mencoding[0m[0;34m=[0m[0;34m"utf-8"[0m[0;34m)[0m [0;32mas[0m [0mwrite_file[0m[0;34m:[0m[0;34m[0m[0;34m[0m[0m

[0;32m/Library/Frameworks/Python.framework/Versions/3.10/lib/python3.10/site-packages/ipykernel/kernelbase.py[0m in [0;36mraw_input[0;34m(self, prompt)[0m
[1;32m   1001[0m         """
[1;32m   1002[0m         [0;32mif[0m [0;32mnot[0m [0mself[0m[0;34m.[0m[0m_allow_stdin[0m[0;34m:[0m[0;34m[0m[0;34m[0m[0m
[0;32m-> 1003[0;31m             raise StdinNotImplementedError(
[0m[1;32m   1004[0m                 [0;34m"raw_input was called, but this frontend does not support input requests."[0m[0;34m[0m[0;34m[0m[0m
[1;32m   1005[0m             )

[0;31mStdinNotImplementedError[0m: raw_input was called, but this frontend does not support input requests.
StdinNotImplementedError: raw_input was called, but this frontend does not support input requests.

