Traceback (most recent call last):
  File "/Users/Yannick/opt/anaconda3/envs/ex/lib/python3.8/site-packages/jupyter_cache/executors/utils.py", line 58, in single_nb_execution
    executenb(
  File "/Users/Yannick/opt/anaconda3/envs/ex/lib/python3.8/site-packages/nbclient/client.py", line 1204, in execute
    return NotebookClient(nb=nb, resources=resources, km=km, **kwargs).execute()
  File "/Users/Yannick/opt/anaconda3/envs/ex/lib/python3.8/site-packages/nbclient/util.py", line 84, in wrapped
    return just_run(coro(*args, **kwargs))
  File "/Users/Yannick/opt/anaconda3/envs/ex/lib/python3.8/site-packages/nbclient/util.py", line 62, in just_run
    return loop.run_until_complete(coro)
  File "/Users/Yannick/opt/anaconda3/envs/ex/lib/python3.8/asyncio/base_events.py", line 616, in run_until_complete
    return future.result()
  File "/Users/Yannick/opt/anaconda3/envs/ex/lib/python3.8/site-packages/nbclient/client.py", line 663, in async_execute
    await self.async_execute_cell(
  File "/Users/Yannick/opt/anaconda3/envs/ex/lib/python3.8/site-packages/nbclient/client.py", line 965, in async_execute_cell
    await self._check_raise_for_error(cell, cell_index, exec_reply)
  File "/Users/Yannick/opt/anaconda3/envs/ex/lib/python3.8/site-packages/nbclient/client.py", line 862, in _check_raise_for_error
    raise CellExecutionError.from_cell_and_msg(cell, exec_reply_content)
nbclient.exceptions.CellExecutionError: An error occurred while executing the following cell:
------------------
#Achtung: anderer Pfad als im Notebook, da das Lösungsnotebook in einem anderen Verzeichnis liegt 
songkorpus = pd.read_csv("../../3_Dateien/Songkorpus/songkorpus_token.tsv", sep="\t") 
    
songkorpus.columns = ["Token", "Jahr", "Häufigkeit"] #Spalten umbenennen

#neue Spalte für relative Häufigkeiten schaffen, indem absolute Häufigkeiten durch aufsummierte Häufigkeit pro Jahr geteilt werden (genaue Erklärung s. Schritt-für-Schritt-Anleitung)
total_freq_per_year = songkorpus.groupby(["Jahr"])["Häufigkeit"].sum()
songkorpus["Relative Häufigkeit"] = songkorpus["Häufigkeit"] / songkorpus["Jahr"].replace(total_freq_per_year) 

import matplotlib.pyplot as plt

#Abfragen der zu plottenden Wörter
words = input("Welche Wörter sollen geplotted werden? Bsp.: 'ich, du'.").split(",")
words = [word.strip() for word in words]

#Iterieren über die zu plottenden Wörter
for word in words:
    #Schaffen eines Sub-DataFrames über Filter
    word_df = songkorpus[songkorpus["Token"] == word]
    #Sortieren des Sub-DataFrames nach der Spalte "Jahr" und Zurücksetzen des Index
    word_df = word_df.sort_values(by="Jahr", ascending=True).reset_index()
    #Definieren von x und y, "Jahr" soll auf x-Achse geplotted werden, "Relative Häufigkeit" auf y-Achse
    x = word_df["Jahr"]
    y = word_df["Relative Häufigkeit"]
    #Eigentliches Plotten
    plt.plot(x, y, 'o-')

#Zusätzliches Verfeinern und Beschriften des Plots
plt.title(f"Wortverlaufskurve für {', '.join([word for word in words])}")
plt.xlabel("Jahr")
plt.ylabel("Relative Häufigkeit")
plt.xlim(1967, 2023)
plt.legend(words, loc="best")
------------------

[0;31m---------------------------------------------------------------------------[0m
[0;31mStdinNotImplementedError[0m                  Traceback (most recent call last)
Input [0;32mIn [15][0m, in [0;36m<cell line: 13>[0;34m()[0m
[1;32m     10[0m [38;5;28;01mimport[39;00m [38;5;21;01mmatplotlib[39;00m[38;5;21;01m.[39;00m[38;5;21;01mpyplot[39;00m [38;5;28;01mas[39;00m [38;5;21;01mplt[39;00m
[1;32m     12[0m [38;5;66;03m#Abfragen der zu plottenden Wörter[39;00m
[0;32m---> 13[0m words [38;5;241m=[39m [38;5;28;43minput[39;49m[43m([49m[38;5;124;43m"[39;49m[38;5;124;43mWelche Wörter sollen geplotted werden? Bsp.: [39;49m[38;5;124;43m'[39;49m[38;5;124;43mich, du[39;49m[38;5;124;43m'[39;49m[38;5;124;43m.[39;49m[38;5;124;43m"[39;49m[43m)[49m[38;5;241m.[39msplit([38;5;124m"[39m[38;5;124m,[39m[38;5;124m"[39m)
[1;32m     14[0m words [38;5;241m=[39m [word[38;5;241m.[39mstrip() [38;5;28;01mfor[39;00m word [38;5;129;01min[39;00m words]
[1;32m     16[0m [38;5;66;03m#Iterieren über die zu plottenden Wörter[39;00m

File [0;32m~/opt/anaconda3/envs/ex/lib/python3.8/site-packages/ipykernel/kernelbase.py:1174[0m, in [0;36mKernel.raw_input[0;34m(self, prompt)[0m
[1;32m   1167[0m [38;5;124;03m"""Forward raw_input to frontends[39;00m
[1;32m   1168[0m 
[1;32m   1169[0m [38;5;124;03mRaises[39;00m
[1;32m   1170[0m [38;5;124;03m------[39;00m
[1;32m   1171[0m [38;5;124;03mStdinNotImplementedError if active frontend doesn't support stdin.[39;00m
[1;32m   1172[0m [38;5;124;03m"""[39;00m
[1;32m   1173[0m [38;5;28;01mif[39;00m [38;5;129;01mnot[39;00m [38;5;28mself[39m[38;5;241m.[39m_allow_stdin:
[0;32m-> 1174[0m     [38;5;28;01mraise[39;00m StdinNotImplementedError(
[1;32m   1175[0m         [38;5;124m"[39m[38;5;124mraw_input was called, but this frontend does not support input requests.[39m[38;5;124m"[39m
[1;32m   1176[0m     )
[1;32m   1177[0m [38;5;28;01mreturn[39;00m [38;5;28mself[39m[38;5;241m.[39m_input_request(
[1;32m   1178[0m     [38;5;28mstr[39m(prompt),
[1;32m   1179[0m     [38;5;28mself[39m[38;5;241m.[39m_parent_ident[[38;5;124m"[39m[38;5;124mshell[39m[38;5;124m"[39m],
[1;32m   1180[0m     [38;5;28mself[39m[38;5;241m.[39mget_parent([38;5;124m"[39m[38;5;124mshell[39m[38;5;124m"[39m),
[1;32m   1181[0m     password[38;5;241m=[39m[38;5;28;01mFalse[39;00m,
[1;32m   1182[0m )

[0;31mStdinNotImplementedError[0m: raw_input was called, but this frontend does not support input requests.
StdinNotImplementedError: raw_input was called, but this frontend does not support input requests.

